content.js:1 inject
0.chunk.js:36055 [HMR] Waiting for update signal from WDS...
main.chunk.js:544 
main.chunk.js:544 string
react_devtools_backend.js:6 ./src/index.js
  Line 20:28:  Expected '===' and instead saw '=='  eqeqeq
r @ react_devtools_backend.js:6
printWarnings @ 0.chunk.js:32414
handleWarnings @ 0.chunk.js:32419
push.C:\Users\Gini\AppData\Roaming\npm\node_modules\react-scripts\node_modules\react-dev-utils\webpackHotDevClient.js.connection.onmessage @ 0.chunk.js:32484
main.chunk.js:544 
main.chunk.js:544 string
main.chunk.js:544 
main.chunk.js:544 string
main.chunk.js:544 
main.chunk.js:544 string
main.chunk.js:544 
main.chunk.js:544 string
main.chunk.js:544 
main.chunk.js:544 string
main.chunk.js:544 
main.chunk.js:544 string
main.chunk.js:544 {coord: {…}, weather: Array(1), base: "stations", main: {…}, visibility: 3500, …}
main.chunk.js:544 object
main.chunk.js:544 {coord: {…}, weather: Array(1), base: "stations", main: {…}, visibility: 3500, …}
main.chunk.js:544 object
main.chunk.js:495 {coord: {…}, weather: Array(1), base: "stations", main: {…}, visibility: 3500, …}base: "stations"clouds: all: 75__proto__: Objectcod: 200coord: lat: 19.01lon: 72.85__proto__: Objectdt: 1591591695id: 1275339main: feels_like: 32.42humidity: 74pressure: 1007temp: 29.57temp_max: 33.33temp_min: 28__proto__: Objectname: "Mumbai"sys: country: "IN"id: 9052sunrise: 1591576232sunset: 1591623905type: 1__proto__: Objecttimezone: 19800visibility: 3500weather: Array(1)0: {id: 721, main: "Haze", description: "haze", icon: "50d"}length: 1__proto__: Array(0)wind: deg: 280speed: 4.6__proto__: Object__proto__: Object
